2025-03-02 12:23:17,954 INFO [main] c.s.s.ServiceApplication [StartupInfoLogger.java:50] Starting ServiceApplication using Java 17.0.12 with PID 82946 (/Users/yeyunlu/startup/sanrenxing/service/target/classes started by yeyunlu in /Users/yeyunlu/startup/sanrenxing/service)
2025-03-02 12:23:17,956 INFO [main] c.s.s.ServiceApplication [SpringApplication.java:654] No active profile set, falling back to 1 default profile: "default"
2025-03-02 12:23:18,293 INFO [main] o.s.d.r.c.RepositoryConfigurationDelegate [RepositoryConfigurationDelegate.java:139] Bootstrapping Spring Data JPA repositories in DEFAULT mode.
2025-03-02 12:23:18,309 INFO [main] o.s.d.r.c.RepositoryConfigurationDelegate [RepositoryConfigurationDelegate.java:208] Finished Spring Data repository scanning in 10 ms. Found 0 JPA repository interfaces.
2025-03-02 12:23:18,684 INFO [main] o.s.b.w.e.t.TomcatWebServer [TomcatWebServer.java:109] Tomcat initialized with port 8080 (http)
2025-03-02 12:23:18,689 INFO [main] o.a.c.h.Http11NioProtocol [DirectJDKLog.java:173] Initializing ProtocolHandler ["http-nio-8080"]
2025-03-02 12:23:18,690 INFO [main] o.a.c.c.StandardService [DirectJDKLog.java:173] Starting service [Tomcat]
2025-03-02 12:23:18,691 INFO [main] o.a.c.c.StandardEngine [DirectJDKLog.java:173] Starting Servlet engine: [Apache Tomcat/10.1.19]
2025-03-02 12:23:18,718 INFO [main] o.a.c.c.C.[.[.[/] [DirectJDKLog.java:173] Initializing Spring embedded WebApplicationContext
2025-03-02 12:23:18,718 INFO [main] o.s.b.w.s.c.ServletWebServerApplicationContext [ServletWebServerApplicationContext.java:296] Root WebApplicationContext: initialization completed in 740 ms
2025-03-02 12:23:18,760 INFO [main] c.z.h.HikariDataSource [HikariDataSource.java:110] HikariPool-1 - Starting...
2025-03-02 12:23:18,877 INFO [main] c.z.h.p.HikariPool [HikariPool.java:565] HikariPool-1 - Added connection org.postgresql.jdbc.PgConnection@7558c24b
2025-03-02 12:23:18,878 INFO [main] c.z.h.HikariDataSource [HikariDataSource.java:123] HikariPool-1 - Start completed.
2025-03-02 12:23:18,923 INFO [main] o.f.c.i.l.VersionPrinter [Slf4jLog.java:37] Flyway Community Edition 9.22.3 by Redgate
2025-03-02 12:23:18,923 INFO [main] o.f.c.i.l.VersionPrinter [Slf4jLog.java:37] See release notes here: https://rd.gt/416ObMi
2025-03-02 12:23:18,923 INFO [main] o.f.c.i.l.VersionPrinter [Slf4jLog.java:37] 
2025-03-02 12:23:18,958 INFO [main] o.f.c.FlywayExecutor [Slf4jLog.java:37] Database: jdbc:postgresql://localhost:5432/sanrenxing (PostgreSQL 16.2)
2025-03-02 12:23:18,993 INFO [main] o.f.c.i.c.DbValidate [Slf4jLog.java:37] Successfully validated 4 migrations (execution time 00:00.016s)
2025-03-02 12:23:19,025 INFO [main] o.f.c.i.c.DbMigrate [Slf4jLog.java:37] Current version of schema "public": 4
2025-03-02 12:23:19,027 INFO [main] o.f.c.i.c.DbMigrate [Slf4jLog.java:37] Schema "public" is up to date. No migration necessary.
2025-03-02 12:23:19,147 INFO [main] o.h.j.i.u.LogHelper [LogHelper.java:31] HHH000204: Processing PersistenceUnitInfo [name: default]
2025-03-02 12:23:19,179 INFO [main] o.h.Version [Version.java:44] HHH000412: Hibernate ORM core version 6.4.4.Final
2025-03-02 12:23:19,199 INFO [main] o.h.c.i.RegionFactoryInitiator [RegionFactoryInitiator.java:50] HHH000026: Second-level cache disabled
2025-03-02 12:23:19,310 INFO [main] o.s.o.j.p.SpringPersistenceUnitInfo [SpringPersistenceUnitInfo.java:87] No LoadTimeWeaver setup: ignoring JPA class transformer
2025-03-02 12:23:19,703 INFO [main] o.h.e.t.j.p.i.JtaPlatformInitiator [JtaPlatformInitiator.java:58] HHH000489: No JTA platform available (set 'hibernate.transaction.jta.platform' to enable JTA platform integration)
2025-03-02 12:23:19,704 INFO [main] o.s.o.j.LocalContainerEntityManagerFactoryBean [AbstractEntityManagerFactoryBean.java:437] Initialized JPA EntityManagerFactory for persistence unit 'default'
2025-03-02 12:23:20,015 INFO [main] o.s.s.w.DefaultSecurityFilterChain [DefaultSecurityFilterChain.java:54] Will secure any request with [org.springframework.security.web.session.DisableEncodeUrlFilter@446fb72e, org.springframework.security.web.context.request.async.WebAsyncManagerIntegrationFilter@26caf4b6, org.springframework.security.web.context.SecurityContextHolderFilter@4645a575, org.springframework.security.web.header.HeaderWriterFilter@1be4f05c, org.springframework.web.filter.CorsFilter@29bd85db, org.springframework.security.web.authentication.logout.LogoutFilter@6c056020, com.sanrenxing.service.config.JwtAuthFilter@14457a95, org.springframework.security.web.savedrequest.RequestCacheAwareFilter@6bf70600, org.springframework.security.web.servletapi.SecurityContextHolderAwareRequestFilter@3ca5da54, org.springframework.security.web.authentication.AnonymousAuthenticationFilter@4411a0fe, org.springframework.security.web.session.SessionManagementFilter@3b9c05f, org.springframework.security.web.access.ExceptionTranslationFilter@68e62b3b, org.springframework.security.web.access.intercept.AuthorizationFilter@5776a9f8]
2025-03-02 12:23:20,197 INFO [main] o.a.c.h.Http11NioProtocol [DirectJDKLog.java:173] Starting ProtocolHandler ["http-nio-8080"]
2025-03-02 12:23:20,208 INFO [main] o.s.b.w.e.t.TomcatWebServer [TomcatWebServer.java:241] Tomcat started on port 8080 (http) with context path ''
2025-03-02 12:23:20,213 INFO [main] c.s.s.ServiceApplication [StartupInfoLogger.java:56] Started ServiceApplication in 2.482 seconds (process running for 2.778)
2025-03-02 12:23:25,528 INFO [http-nio-8080-exec-1] o.a.c.c.C.[.[.[/] [DirectJDKLog.java:173] Initializing Spring DispatcherServlet 'dispatcherServlet'
2025-03-02 12:23:25,529 INFO [http-nio-8080-exec-1] o.s.w.s.DispatcherServlet [FrameworkServlet.java:532] Initializing Servlet 'dispatcherServlet'
2025-03-02 12:23:25,530 INFO [http-nio-8080-exec-1] o.s.w.s.DispatcherServlet [FrameworkServlet.java:554] Completed initialization in 1 ms
2025-03-02 12:23:25,635 INFO [http-nio-8080-exec-2] c.s.s.a.ServiceLogAspect [ServiceLogAspect.java:34] User[0:0:0:0:0:0:0:1] visit [com.sanrenxing.service.api.SearchController.searchProfiles] at [2025-03-02 12:23:25]
2025-03-02 12:24:52,906 INFO [main] o.s.t.c.s.AnnotationConfigContextLoaderUtils [AnnotationConfigContextLoaderUtils.java:83] Could not detect default configuration classes for test class [com.sanrenxing.service.ServiceApplicationTests]: ServiceApplicationTests does not declare any static, non-private, non-final, nested classes annotated with @Configuration.
2025-03-02 12:24:52,951 INFO [main] o.s.b.t.c.SpringBootTestContextBootstrapper [SpringBootTestContextBootstrapper.java:234] Found @SpringBootConfiguration com.sanrenxing.service.ServiceApplication for test class com.sanrenxing.service.ServiceApplicationTests
2025-03-02 12:24:53,122 INFO [main] c.s.s.ServiceApplicationTests [StartupInfoLogger.java:50] Starting ServiceApplicationTests using Java 17.0.12 with PID 83921 (started by yeyunlu in /Users/yeyunlu/startup/sanrenxing/service)
2025-03-02 12:24:53,123 INFO [main] c.s.s.ServiceApplicationTests [SpringApplication.java:654] No active profile set, falling back to 1 default profile: "default"
2025-03-02 12:24:53,418 INFO [main] o.s.d.r.c.RepositoryConfigurationDelegate [RepositoryConfigurationDelegate.java:139] Bootstrapping Spring Data JPA repositories in DEFAULT mode.
2025-03-02 12:24:53,431 INFO [main] o.s.d.r.c.RepositoryConfigurationDelegate [RepositoryConfigurationDelegate.java:208] Finished Spring Data repository scanning in 9 ms. Found 0 JPA repository interfaces.
2025-03-02 12:24:53,681 INFO [main] c.z.h.HikariDataSource [HikariDataSource.java:110] HikariPool-1 - Starting...
2025-03-02 12:24:53,815 INFO [main] c.z.h.p.HikariPool [HikariPool.java:565] HikariPool-1 - Added connection org.postgresql.jdbc.PgConnection@2ee4706d
2025-03-02 12:24:53,815 INFO [main] c.z.h.HikariDataSource [HikariDataSource.java:123] HikariPool-1 - Start completed.
2025-03-02 12:24:53,855 INFO [main] o.f.c.i.l.VersionPrinter [Slf4jLog.java:37] Flyway Community Edition 9.22.3 by Redgate
2025-03-02 12:24:53,855 INFO [main] o.f.c.i.l.VersionPrinter [Slf4jLog.java:37] See release notes here: https://rd.gt/416ObMi
2025-03-02 12:24:53,855 INFO [main] o.f.c.i.l.VersionPrinter [Slf4jLog.java:37] 
2025-03-02 12:24:53,864 INFO [main] o.f.c.FlywayExecutor [Slf4jLog.java:37] Database: jdbc:postgresql://localhost:5432/sanrenxing (PostgreSQL 16.2)
2025-03-02 12:24:53,909 INFO [main] o.f.c.i.c.DbValidate [Slf4jLog.java:37] Successfully validated 4 migrations (execution time 00:00.020s)
2025-03-02 12:24:53,955 INFO [main] o.f.c.i.c.DbMigrate [Slf4jLog.java:37] Current version of schema "public": 4
2025-03-02 12:24:53,957 INFO [main] o.f.c.i.c.DbMigrate [Slf4jLog.java:37] Schema "public" is up to date. No migration necessary.
2025-03-02 12:24:54,018 INFO [main] o.h.j.i.u.LogHelper [LogHelper.java:31] HHH000204: Processing PersistenceUnitInfo [name: default]
2025-03-02 12:24:54,042 INFO [main] o.h.Version [Version.java:44] HHH000412: Hibernate ORM core version 6.4.4.Final
2025-03-02 12:24:54,058 INFO [main] o.h.c.i.RegionFactoryInitiator [RegionFactoryInitiator.java:50] HHH000026: Second-level cache disabled
2025-03-02 12:24:54,159 INFO [main] o.s.o.j.p.SpringPersistenceUnitInfo [SpringPersistenceUnitInfo.java:87] No LoadTimeWeaver setup: ignoring JPA class transformer
2025-03-02 12:24:54,543 INFO [main] o.h.e.t.j.p.i.JtaPlatformInitiator [JtaPlatformInitiator.java:58] HHH000489: No JTA platform available (set 'hibernate.transaction.jta.platform' to enable JTA platform integration)
2025-03-02 12:24:54,544 INFO [main] o.s.o.j.LocalContainerEntityManagerFactoryBean [AbstractEntityManagerFactoryBean.java:437] Initialized JPA EntityManagerFactory for persistence unit 'default'
2025-03-02 12:24:54,899 INFO [main] o.s.s.w.DefaultSecurityFilterChain [DefaultSecurityFilterChain.java:54] Will secure any request with [org.springframework.security.web.session.DisableEncodeUrlFilter@55bafbc1, org.springframework.security.web.context.request.async.WebAsyncManagerIntegrationFilter@24bc06dd, org.springframework.security.web.context.SecurityContextHolderFilter@a1689e8, org.springframework.security.web.header.HeaderWriterFilter@1c000c2f, org.springframework.web.filter.CorsFilter@44d2bbc0, org.springframework.security.web.authentication.logout.LogoutFilter@682482ee, com.sanrenxing.service.config.JwtAuthFilter@57fae911, org.springframework.security.web.savedrequest.RequestCacheAwareFilter@23b3afb4, org.springframework.security.web.servletapi.SecurityContextHolderAwareRequestFilter@2162598, org.springframework.security.web.authentication.AnonymousAuthenticationFilter@26d02dc6, org.springframework.security.web.session.SessionManagementFilter@1e4bf55b, org.springframework.security.web.access.ExceptionTranslationFilter@6e6bd43b, org.springframework.security.web.access.intercept.AuthorizationFilter@32029cd]
2025-03-02 12:24:55,143 INFO [main] c.s.s.ServiceApplicationTests [StartupInfoLogger.java:56] Started ServiceApplicationTests in 2.137 seconds (process running for 2.596)
2025-03-02 12:24:55,464 INFO [SpringApplicationShutdownHook] o.s.o.j.LocalContainerEntityManagerFactoryBean [AbstractEntityManagerFactoryBean.java:650] Closing JPA EntityManagerFactory for persistence unit 'default'
2025-03-02 12:24:55,466 INFO [SpringApplicationShutdownHook] c.z.h.HikariDataSource [HikariDataSource.java:350] HikariPool-1 - Shutdown initiated...
2025-03-02 12:24:55,471 INFO [SpringApplicationShutdownHook] c.z.h.HikariDataSource [HikariDataSource.java:352] HikariPool-1 - Shutdown completed.
2025-03-02 12:24:59,476 INFO [SpringApplicationShutdownHook] o.s.o.j.LocalContainerEntityManagerFactoryBean [AbstractEntityManagerFactoryBean.java:650] Closing JPA EntityManagerFactory for persistence unit 'default'
2025-03-02 12:24:59,481 INFO [SpringApplicationShutdownHook] c.z.h.HikariDataSource [HikariDataSource.java:350] HikariPool-1 - Shutdown initiated...
2025-03-02 12:24:59,482 INFO [SpringApplicationShutdownHook] c.z.h.HikariDataSource [HikariDataSource.java:352] HikariPool-1 - Shutdown completed.
2025-03-02 12:25:01,538 INFO [main] c.s.s.ServiceApplication [StartupInfoLogger.java:50] Starting ServiceApplication using Java 17.0.12 with PID 84018 (/Users/yeyunlu/startup/sanrenxing/service/target/classes started by yeyunlu in /Users/yeyunlu/startup/sanrenxing/service)
2025-03-02 12:25:01,540 INFO [main] c.s.s.ServiceApplication [SpringApplication.java:654] No active profile set, falling back to 1 default profile: "default"
2025-03-02 12:25:01,888 INFO [main] o.s.d.r.c.RepositoryConfigurationDelegate [RepositoryConfigurationDelegate.java:139] Bootstrapping Spring Data JPA repositories in DEFAULT mode.
2025-03-02 12:25:01,906 INFO [main] o.s.d.r.c.RepositoryConfigurationDelegate [RepositoryConfigurationDelegate.java:208] Finished Spring Data repository scanning in 11 ms. Found 0 JPA repository interfaces.
2025-03-02 12:25:02,270 INFO [main] o.s.b.w.e.t.TomcatWebServer [TomcatWebServer.java:109] Tomcat initialized with port 8080 (http)
2025-03-02 12:25:02,274 INFO [main] o.a.c.h.Http11NioProtocol [DirectJDKLog.java:173] Initializing ProtocolHandler ["http-nio-8080"]
2025-03-02 12:25:02,275 INFO [main] o.a.c.c.StandardService [DirectJDKLog.java:173] Starting service [Tomcat]
2025-03-02 12:25:02,276 INFO [main] o.a.c.c.StandardEngine [DirectJDKLog.java:173] Starting Servlet engine: [Apache Tomcat/10.1.19]
2025-03-02 12:25:02,301 INFO [main] o.a.c.c.C.[.[.[/] [DirectJDKLog.java:173] Initializing Spring embedded WebApplicationContext
2025-03-02 12:25:02,301 INFO [main] o.s.b.w.s.c.ServletWebServerApplicationContext [ServletWebServerApplicationContext.java:296] Root WebApplicationContext: initialization completed in 739 ms
2025-03-02 12:25:02,344 INFO [main] c.z.h.HikariDataSource [HikariDataSource.java:110] HikariPool-1 - Starting...
2025-03-02 12:25:02,477 INFO [main] c.z.h.p.HikariPool [HikariPool.java:565] HikariPool-1 - Added connection org.postgresql.jdbc.PgConnection@58aa1d72
2025-03-02 12:25:02,479 INFO [main] c.z.h.HikariDataSource [HikariDataSource.java:123] HikariPool-1 - Start completed.
2025-03-02 12:25:02,522 INFO [main] o.f.c.i.l.VersionPrinter [Slf4jLog.java:37] Flyway Community Edition 9.22.3 by Redgate
2025-03-02 12:25:02,522 INFO [main] o.f.c.i.l.VersionPrinter [Slf4jLog.java:37] See release notes here: https://rd.gt/416ObMi
2025-03-02 12:25:02,522 INFO [main] o.f.c.i.l.VersionPrinter [Slf4jLog.java:37] 
2025-03-02 12:25:02,533 INFO [main] o.f.c.FlywayExecutor [Slf4jLog.java:37] Database: jdbc:postgresql://localhost:5432/sanrenxing (PostgreSQL 16.2)
2025-03-02 12:25:02,577 INFO [main] o.f.c.i.c.DbValidate [Slf4jLog.java:37] Successfully validated 4 migrations (execution time 00:00.021s)
2025-03-02 12:25:02,625 INFO [main] o.f.c.i.c.DbMigrate [Slf4jLog.java:37] Current version of schema "public": 4
2025-03-02 12:25:02,628 INFO [main] o.f.c.i.c.DbMigrate [Slf4jLog.java:37] Schema "public" is up to date. No migration necessary.
2025-03-02 12:25:02,763 INFO [main] o.h.j.i.u.LogHelper [LogHelper.java:31] HHH000204: Processing PersistenceUnitInfo [name: default]
2025-03-02 12:25:02,791 INFO [main] o.h.Version [Version.java:44] HHH000412: Hibernate ORM core version 6.4.4.Final
2025-03-02 12:25:02,807 INFO [main] o.h.c.i.RegionFactoryInitiator [RegionFactoryInitiator.java:50] HHH000026: Second-level cache disabled
2025-03-02 12:25:02,929 INFO [main] o.s.o.j.p.SpringPersistenceUnitInfo [SpringPersistenceUnitInfo.java:87] No LoadTimeWeaver setup: ignoring JPA class transformer
2025-03-02 12:25:03,346 INFO [main] o.h.e.t.j.p.i.JtaPlatformInitiator [JtaPlatformInitiator.java:58] HHH000489: No JTA platform available (set 'hibernate.transaction.jta.platform' to enable JTA platform integration)
2025-03-02 12:25:03,348 INFO [main] o.s.o.j.LocalContainerEntityManagerFactoryBean [AbstractEntityManagerFactoryBean.java:437] Initialized JPA EntityManagerFactory for persistence unit 'default'
2025-03-02 12:25:03,656 INFO [main] o.s.s.w.DefaultSecurityFilterChain [DefaultSecurityFilterChain.java:54] Will secure any request with [org.springframework.security.web.session.DisableEncodeUrlFilter@434a72f2, org.springframework.security.web.context.request.async.WebAsyncManagerIntegrationFilter@5c8e7687, org.springframework.security.web.context.SecurityContextHolderFilter@38326fd5, org.springframework.security.web.header.HeaderWriterFilter@7789526e, org.springframework.web.filter.CorsFilter@1144a02b, org.springframework.security.web.authentication.logout.LogoutFilter@949f0d, com.sanrenxing.service.config.JwtAuthFilter@734ce281, org.springframework.security.web.savedrequest.RequestCacheAwareFilter@92775a3, org.springframework.security.web.servletapi.SecurityContextHolderAwareRequestFilter@2512155e, org.springframework.security.web.authentication.AnonymousAuthenticationFilter@2d093067, org.springframework.security.web.session.SessionManagementFilter@61627c9d, org.springframework.security.web.access.ExceptionTranslationFilter@5d1eb214, org.springframework.security.web.access.intercept.AuthorizationFilter@36a8ebca]
2025-03-02 12:25:03,830 INFO [main] o.a.c.h.Http11NioProtocol [DirectJDKLog.java:173] Starting ProtocolHandler ["http-nio-8080"]
2025-03-02 12:25:03,840 INFO [main] o.s.b.w.e.t.TomcatWebServer [TomcatWebServer.java:241] Tomcat started on port 8080 (http) with context path ''
2025-03-02 12:25:03,846 INFO [main] c.s.s.ServiceApplication [StartupInfoLogger.java:56] Started ServiceApplication in 2.525 seconds (process running for 2.833)
2025-03-02 12:25:18,464 INFO [http-nio-8080-exec-1] o.a.c.c.C.[.[.[/] [DirectJDKLog.java:173] Initializing Spring DispatcherServlet 'dispatcherServlet'
2025-03-02 12:25:18,465 INFO [http-nio-8080-exec-1] o.s.w.s.DispatcherServlet [FrameworkServlet.java:532] Initializing Servlet 'dispatcherServlet'
2025-03-02 12:25:18,469 INFO [http-nio-8080-exec-1] o.s.w.s.DispatcherServlet [FrameworkServlet.java:554] Completed initialization in 4 ms
2025-03-02 12:25:18,564 INFO [http-nio-8080-exec-2] c.s.s.a.ServiceLogAspect [ServiceLogAspect.java:34] User[0:0:0:0:0:0:0:1] visit [com.sanrenxing.service.api.SearchController.searchProfiles] at [2025-03-02 12:25:18]
2025-03-02 12:25:43,154 INFO [http-nio-8080-exec-4] c.s.s.a.ServiceLogAspect [ServiceLogAspect.java:34] User[0:0:0:0:0:0:0:1] visit [com.sanrenxing.service.api.AuthController.login] at [2025-03-02 12:25:43]
2025-03-02 12:25:50,180 INFO [http-nio-8080-exec-6] c.s.s.a.ServiceLogAspect [ServiceLogAspect.java:34] User[0:0:0:0:0:0:0:1] visit [com.sanrenxing.service.api.AuthController.login] at [2025-03-02 12:25:50]
2025-03-02 12:25:50,375 INFO [http-nio-8080-exec-1] c.s.s.a.ServiceLogAspect [ServiceLogAspect.java:34] User[0:0:0:0:0:0:0:1] visit [com.sanrenxing.service.api.MessageController.getMessages] at [2025-03-02 12:25:50]
2025-03-02 12:25:50,376 INFO [http-nio-8080-exec-3] c.s.s.a.ServiceLogAspect [ServiceLogAspect.java:34] User[0:0:0:0:0:0:0:1] visit [com.sanrenxing.service.api.SkillController.getAllSkills] at [2025-03-02 12:25:50]
2025-03-02 12:25:50,377 INFO [http-nio-8080-exec-10] c.s.s.a.ServiceLogAspect [ServiceLogAspect.java:34] User[0:0:0:0:0:0:0:1] visit [com.sanrenxing.service.api.SkillController.getAllSkills] at [2025-03-02 12:25:50]
2025-03-02 12:25:50,382 INFO [http-nio-8080-exec-4] c.s.s.a.ServiceLogAspect [ServiceLogAspect.java:34] User[0:0:0:0:0:0:0:1] visit [com.sanrenxing.service.api.ImageController.retrieveImage] at [2025-03-02 12:25:50]
2025-03-02 12:26:03,444 INFO [SpringApplicationShutdownHook] o.s.o.j.LocalContainerEntityManagerFactoryBean [AbstractEntityManagerFactoryBean.java:650] Closing JPA EntityManagerFactory for persistence unit 'default'
2025-03-02 12:26:03,446 INFO [SpringApplicationShutdownHook] c.z.h.HikariDataSource [HikariDataSource.java:350] HikariPool-1 - Shutdown initiated...
2025-03-02 12:26:03,447 INFO [SpringApplicationShutdownHook] c.z.h.HikariDataSource [HikariDataSource.java:352] HikariPool-1 - Shutdown completed.
